<?xml version="1.0" encoding="UTF-8"?>
<testng-results ignored="0" total="1" passed="1" failed="0" skipped="0">
  <reporter-output>
  </reporter-output>
  <suite started-at="2026-05-26T12:34:16 IST" name="Default suite" finished-at="2026-05-26T12:34:47 IST" duration-ms="31419">
    <groups>
      <group name="cucumber">
        <method signature="AbstractTestNGCucumberTests.runScenario(io.cucumber.testng.PickleWrapper,io.cucumber.testng.FeatureWrapper)[pri:0, instance:Runner3.Rerurnfailedtestcases@31f9b85e]" name="runScenario" class="io.cucumber.testng.AbstractTestNGCucumberTests"/>
      </group> <!-- cucumber -->
    </groups>
    <test started-at="2026-05-26T12:34:16 IST" name="Default test" finished-at="2026-05-26T12:34:47 IST" duration-ms="31419">
      <class name="Runner3.Rerurnfailedtestcases">
        <test-method is-config="true" signature="setUpClass(org.testng.ITestContext)[pri:0, instance:Runner3.Rerurnfailedtestcases@31f9b85e]" started-at="2026-05-26T12:34:16 IST" name="setUpClass" finished-at="2026-05-26T12:34:17 IST" duration-ms="939" status="PASS">
          <params>
            <param index="0">
              <value>
                <![CDATA[org.testng.TestRunner@766a49c7]]>
              </value>
            </param>
          </params>
          <reporter-output>
          </reporter-output>
        </test-method> <!-- setUpClass -->
        <test-method signature="runScenario(io.cucumber.testng.PickleWrapper,io.cucumber.testng.FeatureWrapper)[pri:0, instance:Runner3.Rerurnfailedtestcases@31f9b85e]" started-at="2026-05-26T12:34:17 IST" name="runScenario" description="Runs Cucumber Scenarios" data-provider="scenarios" finished-at="2026-05-26T12:34:47 IST" duration-ms="30394" status="PASS">
          <params>
            <param index="0">
              <value>
                <![CDATA["Validate the login feature with invalid username and password"]]>
              </value>
            </param>
            <param index="1">
              <value>
                <![CDATA["login feature of Face book page"]]>
              </value>
            </param>
          </params>
          <reporter-output>
          </reporter-output>
        </test-method> <!-- runScenario -->
        <test-method is-config="true" signature="tearDownClass()[pri:0, instance:Runner3.Rerurnfailedtestcases@31f9b85e]" started-at="2026-05-26T12:34:47 IST" name="tearDownClass" finished-at="2026-05-26T12:34:47 IST" duration-ms="35" status="PASS">
          <reporter-output>
          </reporter-output>
        </test-method> <!-- tearDownClass -->
      </class> <!-- Runner3.Rerurnfailedtestcases -->
    </test> <!-- Default test -->
  </suite> <!-- Default suite -->
</testng-results>
